<?xml version="1.0" encoding="UTF-8"?>
<testng-results ignored="0" total="2" passed="2" failed="0" skipped="0">
  <reporter-output>
  </reporter-output>
  <suite started-at="2020-08-20T22:21:33 EDT" name="Default suite" finished-at="2020-08-20T22:21:46 EDT" duration-ms="13574">
    <groups>
    </groups>
    <test started-at="2020-08-20T22:21:33 EDT" name="Default test" finished-at="2020-08-20T22:21:46 EDT" duration-ms="13574">
      <class name="TestNG.Assignment.CallwrapperTestng">
        <test-method is-config="true" signature="beforeTest()[pri:0, instance:TestNG.Assignment.CallwrapperTestng@79efed2d]" started-at="2020-08-20T22:21:33 EDT" name="beforeTest" finished-at="2020-08-20T22:21:40 EDT" duration-ms="7254" status="PASS">
          <reporter-output>
          </reporter-output>
        </test-method> <!-- beforeTest -->
        <test-method signature="login()[pri:0, instance:TestNG.Assignment.CallwrapperTestng@79efed2d]" started-at="2020-08-20T22:21:40 EDT" name="login" finished-at="2020-08-20T22:21:41 EDT" duration-ms="1270" status="PASS">
          <reporter-output>
          </reporter-output>
        </test-method> <!-- login -->
        <test-method signature="screenshot()[pri:0, instance:TestNG.Assignment.CallwrapperTestng@79efed2d]" started-at="2020-08-20T22:21:41 EDT" name="screenshot" finished-at="2020-08-20T22:21:42 EDT" duration-ms="734" status="PASS">
          <reporter-output>
          </reporter-output>
        </test-method> <!-- screenshot -->
        <test-method is-config="true" signature="afterTest()[pri:0, instance:TestNG.Assignment.CallwrapperTestng@79efed2d]" started-at="2020-08-20T22:21:42 EDT" name="afterTest" finished-at="2020-08-20T22:21:46 EDT" duration-ms="4276" status="PASS">
          <reporter-output>
          </reporter-output>
        </test-method> <!-- afterTest -->
      </class> <!-- TestNG.Assignment.CallwrapperTestng -->
    </test> <!-- Default test -->
  </suite> <!-- Default suite -->
</testng-results>
