<?xml version="1.0" encoding="UTF-8"?>
<!-- Generated by org.testng.reporters.JUnitXMLReporter -->
<testsuite ignored="3" hostname="LAPTOP-0HH19P32" failures="0" tests="0" time="0.011" errors="0" timestamp="2020-08-20T21:38:00 EDT">
  <testcase classname="com.TestNG.dependsupongroup$PriortyTestCase" name="TestCase1" time="0.0">
    <ignored/>
  </testcase> <!-- TestCase1 -->
  <testcase classname="com.TestNG.dependsupongroup$PriortyTestCase" name="TestCase3" time="0.0">
    <ignored/>
  </testcase> <!-- TestCase3 -->
  <testcase classname="com.TestNG.dependsupongroup$PriortyTestCase" name="TestCase2" time="0.0">
    <ignored/>
  </testcase> <!-- TestCase2 -->
</testsuite>
